<?xml version="1.0" encoding="UTF-8"?>
<!-- Generated by org.testng.reporters.JUnitReportReporter -->
<testsuite hostname="EPINPUNW0027" name="CucumberTestrunner.TestRunner" tests="1" failures="0" timestamp="9 Feb 2018 08:43:45 GMT" time="17.553" errors="0">
  <testcase name="feature" time="17.553" classname="CucumberTestrunner.TestRunner"/>
</testsuite> <!-- CucumberTestrunner.TestRunner -->
