<?xml version="1.0" encoding="UTF-8"?>
<!-- Generated by org.testng.reporters.JUnitReportReporter -->
<testsuite hostname="EPINPUNW0027" name="CucumberTestrunner.TestRunner" tests="1" failures="0" timestamp="9 Feb 2018 09:30:01 GMT" time="16.123" errors="0">
  <testcase name="feature" time="16.123" classname="CucumberTestrunner.TestRunner"/>
</testsuite> <!-- CucumberTestrunner.TestRunner -->
